qr/build/outputs/logs/manifest-merger-release-report.txt
-- Merging decision tree log ---
manifest
ADDED from easy-gbd/qr/AndroidManifest.xml:17:1-39:12
INJECTED from easy-gbd/qr/AndroidManifest.xml:17:1-39:12
INJECTED from easy-gbd/qr/AndroidManifest.xml:17:1-39:12
	package
		ADDED from easy-gbd/qr/AndroidManifest.xml:17:70-111
		INJECTED from easy-gbd/qr/AndroidManifest.xml
		INJECTED from easy-gbd/qr/AndroidManifest.xml
	xmlns:android
		ADDED from easy-gbd/qr/AndroidManifest.xml:17:11-69
uses-permission#android.permission.CAMERA
ADDED from easy-gbd/qr/AndroidManifest.xml:19:3-62
	android:name
		ADDED from easy-gbd/qr/AndroidManifest.xml:19:20-60
uses-feature#android.hardware.camera
ADDED from easy-gbd/qr/AndroidManifest.xml:22:3-82
	android:required
		ADDED from easy-gbd/qr/AndroidManifest.xml:22:56-80
	android:name
		ADDED from easy-gbd/qr/AndroidManifest.xml:22:17-55
uses-feature#android.hardware.camera.front
ADDED from easy-gbd/qr/AndroidManifest.xml:23:3-88
	android:required
		ADDED from easy-gbd/qr/AndroidManifest.xml:23:62-86
	android:name
		ADDED from easy-gbd/qr/AndroidManifest.xml:23:17-61
uses-feature#android.hardware.camera.autofocus
ADDED from easy-gbd/qr/AndroidManifest.xml:24:3-92
	android:required
		ADDED from easy-gbd/qr/AndroidManifest.xml:24:66-90
	android:name
		ADDED from easy-gbd/qr/AndroidManifest.xml:24:17-65
uses-feature#android.hardware.camera.flash
ADDED from easy-gbd/qr/AndroidManifest.xml:25:3-88
	android:required
		ADDED from easy-gbd/qr/AndroidManifest.xml:25:62-86
	android:name
		ADDED from easy-gbd/qr/AndroidManifest.xml:25:17-61
uses-feature#android.hardware.screen.landscape
ADDED from easy-gbd/qr/AndroidManifest.xml:26:3-93
	android:required
		ADDED from easy-gbd/qr/AndroidManifest.xml:26:66-90
	android:name
		ADDED from easy-gbd/qr/AndroidManifest.xml:26:17-65
uses-feature#android.hardware.wifi
ADDED from easy-gbd/qr/AndroidManifest.xml:27:3-80
	android:required
		ADDED from easy-gbd/qr/AndroidManifest.xml:27:54-78
	android:name
		ADDED from easy-gbd/qr/AndroidManifest.xml:27:17-53
application
ADDED from easy-gbd/qr/AndroidManifest.xml:29:3-37:17
activity#com.journeyapps.barcodescanner.CaptureActivity
ADDED from easy-gbd/qr/AndroidManifest.xml:30:11-36:13
	android:screenOrientation
		ADDED from easy-gbd/qr/AndroidManifest.xml:33:11-47
	android:clearTaskOnLaunch
		ADDED from easy-gbd/qr/AndroidManifest.xml:32:11-43
	android:stateNotNeeded
		ADDED from easy-gbd/qr/AndroidManifest.xml:34:11-40
	android:windowSoftInputMode
		ADDED from easy-gbd/qr/AndroidManifest.xml:35:11-58
	android:name
		ADDED from easy-gbd/qr/AndroidManifest.xml:31:11-72
uses-sdk
INJECTED from easy-gbd/qr/AndroidManifest.xml reason: use-sdk injection requested
INJECTED from easy-gbd/qr/AndroidManifest.xml
INJECTED from easy-gbd/qr/AndroidManifest.xml
INJECTED from easy-gbd/qr/AndroidManifest.xml
INJECTED from easy-gbd/qr/AndroidManifest.xml
	android:targetSdkVersion
		INJECTED from easy-gbd/qr/AndroidManifest.xml
		ADDED from easy-gbd/qr/AndroidManifest.xml
		INJECTED from easy-gbd/qr/AndroidManifest.xml
	android:minSdkVersion
		INJECTED from easy-gbd/qr/AndroidManifest.xml
		ADDED from easy-gbd/qr/AndroidManifest.xml
		INJECTED from easy-gbd/qr/AndroidManifest.xml